<?xml version="1.0" encoding="UTF-8"?>
<testsuite xmlns:xsi="http://www.w3.org/2001/XMLSchema-instance" xsi:noNamespaceSchemaLocation="https://maven.apache.org/surefire/maven-surefire-plugin/xsd/surefire-test-report.xsd" name="io.javabrains.MathUtilsTest" time="0.026" tests="2" errors="0" skipped="0" failures="0">
  <properties>
[...]
</properties>
  <testcase name="testAdd" classname="io.javabrains.MathUtilsTest" time="0.011"/>
  <testcase name="testCalcCircleArea" classname="io.javabrains.MathUtilsTest" time="0.01"/>
</testsuite>